2024-11-03 01:00:27,014 - root - INFO - PARAMETER----------
2024-11-03 01:00:27,014 - root - INFO - ALG=bfs
2024-11-03 01:00:27,014 - root - INFO - BATCH_SIZE=8
2024-11-03 01:00:27,014 - root - INFO - CHAR2ID=chars.txt
2024-11-03 01:00:27,014 - root - INFO - CHECKPOINT_DIR=checkpoint/pretrain/
2024-11-03 01:00:27,014 - root - INFO - DATA_EFF=False
2024-11-03 01:00:27,014 - root - INFO - DATA_FOLDER=data/CWQ/
2024-11-03 01:00:27,014 - root - INFO - DECAY_RATE=0.0
2024-11-03 01:00:27,014 - root - INFO - ENTITY2ID=entities.txt
2024-11-03 01:00:27,014 - root - INFO - ENTITY_DIM=50
2024-11-03 01:00:27,014 - root - INFO - ENTITY_EMB_FILE=None
2024-11-03 01:00:27,014 - root - INFO - EPS=0.95
2024-11-03 01:00:27,014 - root - INFO - EVAL_EVERY=2
2024-11-03 01:00:27,014 - root - INFO - EXPERIMENT_NAME=prn_cwq-rearev-sbert
2024-11-03 01:00:27,014 - root - INFO - FACT_DROP=0
2024-11-03 01:00:27,014 - root - INFO - FACT_SCALE=3
2024-11-03 01:00:27,014 - root - INFO - GRADIENT_CLIP=1.0
2024-11-03 01:00:27,014 - root - INFO - IS_EVAL=False
2024-11-03 01:00:27,014 - root - INFO - KG_DIM=100
2024-11-03 01:00:27,014 - root - INFO - KGE_FROZEN=0
2024-11-03 01:00:27,015 - root - INFO - LABEL_SMOOTH=0.1
2024-11-03 01:00:27,015 - root - INFO - LINEAR_DROPOUT=0.2
2024-11-03 01:00:27,015 - root - INFO - LM=relbert
2024-11-03 01:00:27,015 - root - INFO - LM_DROPOUT=0.3
2024-11-03 01:00:27,015 - root - INFO - LM_FROZEN=1
2024-11-03 01:00:27,015 - root - INFO - LOAD_CKPT_FILE=None
2024-11-03 01:00:27,015 - root - INFO - LOAD_EXPERIMENT=None
2024-11-03 01:00:27,015 - root - INFO - LOG_LEVEL=info
2024-11-03 01:00:27,015 - root - INFO - LOSS_TYPE=kl
2024-11-03 01:00:27,015 - root - INFO - LR=0.0005
2024-11-03 01:00:27,015 - root - INFO - LR_SCHEDULE=False
2024-11-03 01:00:27,015 - root - INFO - MAX_TRAIN=200000
2024-11-03 01:00:27,015 - root - INFO - MODEL_NAME=ReaRev
2024-11-03 01:00:27,015 - root - INFO - NAME=cwq
2024-11-03 01:00:27,015 - root - INFO - NORM_REL=False
2024-11-03 01:00:27,015 - root - INFO - NORMALIZED_GNN=False
2024-11-03 01:00:27,015 - root - INFO - NUM_EPOCH=100
2024-11-03 01:00:27,015 - root - INFO - NUM_GNN=5
2024-11-03 01:00:27,015 - root - INFO - NUM_INS=3
2024-11-03 01:00:27,015 - root - INFO - NUM_ITER=2
2024-11-03 01:00:27,015 - root - INFO - POS_EMB=False
2024-11-03 01:00:27,015 - root - INFO - Q_TYPE=seq
2024-11-03 01:00:27,015 - root - INFO - REL_WORD_IDS=rel_word_idx.npy
2024-11-03 01:00:27,015 - root - INFO - RELATION2ID=relations.txt
2024-11-03 01:00:27,015 - root - INFO - RELATION_EMB_FILE=None
2024-11-03 01:00:27,015 - root - INFO - RELATION_WORD_EMB=True
2024-11-03 01:00:27,015 - root - INFO - SEED=19960626
2024-11-03 01:00:27,015 - root - INFO - TEST_BATCH_SIZE=20
2024-11-03 01:00:27,015 - root - INFO - USE_CUDA=True
2024-11-03 01:00:27,015 - root - INFO - USE_SELF_LOOP=True
2024-11-03 01:00:27,016 - root - INFO - WARMUP_EPOCH=80
2024-11-03 01:00:27,016 - root - INFO - WORD2ID=vocab.txt
2024-11-03 01:00:27,016 - root - INFO - WORD_DIM=300
2024-11-03 01:00:27,016 - root - INFO - WORD_EMB_FILE=word_emb.npy
2024-11-03 01:00:27,016 - root - INFO - -------------------
2024-11-03 01:23:06,755 - root - INFO - Epoch: 1, loss : 2.5624, time: 946.8958213329315
2024-11-03 01:23:06,760 - root - INFO - Training h1 : 0.2810, f1 : 0.0950
2024-11-03 01:38:22,778 - root - INFO - Epoch: 2, loss : 1.3560, time: 916.0184988975525
2024-11-03 01:38:22,782 - root - INFO - Training h1 : 0.4558, f1 : 0.2333
2024-11-03 01:39:41,783 - root - INFO - EVAL F1: 0.3061, H1: 0.5058, EM 0.7818
2024-11-03 01:41:02,702 - root - INFO - TEST F1: 0.2837, H1: 0.4628, EM 0.7140
2024-11-03 01:56:21,247 - root - INFO - Epoch: 3, loss : 1.1382, time: 918.5448267459869
2024-11-03 01:56:21,251 - root - INFO - Training h1 : 0.4967, f1 : 0.2940
2024-11-03 01:11:39,502 - root - INFO - Epoch: 4, loss : 1.0336, time: 918.2515120506287
2024-11-03 01:11:39,507 - root - INFO - Training h1 : 0.5166, f1 : 0.3275
2024-11-03 01:12:57,308 - root - INFO - EVAL F1: 0.4028, H1: 0.5342, EM 0.7747
2024-11-03 01:14:16,606 - root - INFO - TEST F1: 0.3698, H1: 0.4848, EM 0.6981
2024-11-03 01:29:35,357 - root - INFO - Epoch: 5, loss : 0.9644, time: 918.7507181167603
2024-11-03 01:29:35,361 - root - INFO - Training h1 : 0.5365, f1 : 0.3564
2024-11-03 01:44:55,253 - root - INFO - Epoch: 6, loss : 0.9310, time: 919.892115354538
2024-11-03 01:44:55,257 - root - INFO - Training h1 : 0.5414, f1 : 0.3721
2024-11-03 01:46:12,843 - root - INFO - EVAL F1: 0.4344, H1: 0.5431, EM 0.7772
2024-11-03 01:47:32,869 - root - INFO - TEST F1: 0.4088, H1: 0.4962, EM 0.7004
2024-11-03 02:02:54,006 - root - INFO - Epoch: 7, loss : 0.8931, time: 921.1363654136658
2024-11-03 02:02:54,010 - root - INFO - Training h1 : 0.5479, f1 : 0.3870
2024-11-03 02:18:14,124 - root - INFO - Epoch: 8, loss : 0.8727, time: 920.1140429973602
2024-11-03 02:18:14,128 - root - INFO - Training h1 : 0.5546, f1 : 0.3913
2024-11-03 02:19:32,720 - root - INFO - EVAL F1: 0.4309, H1: 0.5695, EM 0.7832
2024-11-03 02:20:52,938 - root - INFO - TEST F1: 0.3956, H1: 0.5129, EM 0.7063
2024-11-03 02:36:11,689 - root - INFO - Epoch: 9, loss : 0.8524, time: 918.7514088153839
2024-11-03 02:36:11,694 - root - INFO - Training h1 : 0.5587, f1 : 0.4043
2024-11-03 02:51:31,216 - root - INFO - Epoch: 10, loss : 0.8311, time: 919.5222692489624
2024-11-03 02:51:31,220 - root - INFO - Training h1 : 0.5645, f1 : 0.4089
2024-11-03 02:52:49,782 - root - INFO - EVAL F1: 0.4786, H1: 0.5652, EM 0.7752
2024-11-03 02:54:10,051 - root - INFO - TEST F1: 0.4343, H1: 0.5132, EM 0.7012
2024-11-03 03:09:30,091 - root - INFO - Epoch: 11, loss : 0.8112, time: 920.040162563324
2024-11-03 03:09:30,095 - root - INFO - Training h1 : 0.5660, f1 : 0.4189
2024-11-03 03:24:50,011 - root - INFO - Epoch: 12, loss : 0.7983, time: 919.9153788089752
2024-11-03 03:24:50,014 - root - INFO - Training h1 : 0.5703, f1 : 0.4219
2024-11-03 03:26:08,512 - root - INFO - EVAL F1: 0.4451, H1: 0.5683, EM 0.7809
2024-11-03 03:27:28,397 - root - INFO - TEST F1: 0.4083, H1: 0.5109, EM 0.7072
2024-11-03 03:42:48,859 - root - INFO - Epoch: 13, loss : 0.7806, time: 920.4620881080627
2024-11-03 03:42:48,863 - root - INFO - Training h1 : 0.5758, f1 : 0.4299
2024-11-03 03:58:10,033 - root - INFO - Epoch: 14, loss : 0.7777, time: 921.1692712306976
2024-11-03 03:58:10,037 - root - INFO - Training h1 : 0.5761, f1 : 0.4307
2024-11-03 03:59:28,841 - root - INFO - EVAL F1: 0.4736, H1: 0.5709, EM 0.7710
2024-11-03 04:00:49,608 - root - INFO - TEST F1: 0.4403, H1: 0.5126, EM 0.6975
2024-11-03 04:16:10,756 - root - INFO - Epoch: 15, loss : 0.7732, time: 921.1472930908203
2024-11-03 04:16:10,760 - root - INFO - Training h1 : 0.5775, f1 : 0.4355
2024-11-03 04:31:29,964 - root - INFO - Epoch: 16, loss : 0.7647, time: 919.2038931846619
2024-11-03 04:31:29,968 - root - INFO - Training h1 : 0.5790, f1 : 0.4374
2024-11-03 04:32:48,571 - root - INFO - EVAL F1: 0.4774, H1: 0.5752, EM 0.7772
2024-11-03 04:34:09,479 - root - INFO - TEST F1: 0.4416, H1: 0.5293, EM 0.7001
2024-11-03 04:49:28,385 - root - INFO - Epoch: 17, loss : 0.7610, time: 918.9058465957642
2024-11-03 04:49:28,388 - root - INFO - Training h1 : 0.5782, f1 : 0.4407
2024-11-03 05:04:47,292 - root - INFO - Epoch: 18, loss : 0.7615, time: 918.9034175872803
2024-11-03 05:04:47,296 - root - INFO - Training h1 : 0.5835, f1 : 0.4416
2024-11-03 05:06:05,370 - root - INFO - EVAL F1: 0.4951, H1: 0.5760, EM 0.7747
2024-11-03 05:07:25,986 - root - INFO - TEST F1: 0.4523, H1: 0.5251, EM 0.6978
2024-11-03 05:22:46,809 - root - INFO - Epoch: 19, loss : 0.7464, time: 920.8237993717194
2024-11-03 05:22:46,814 - root - INFO - Training h1 : 0.5826, f1 : 0.4468
2024-11-03 05:38:06,757 - root - INFO - Epoch: 20, loss : 0.7426, time: 919.9431250095367
2024-11-03 05:38:06,761 - root - INFO - Training h1 : 0.5853, f1 : 0.4480
2024-11-03 05:39:25,155 - root - INFO - EVAL F1: 0.4942, H1: 0.5649, EM 0.7747
2024-11-03 05:40:45,718 - root - INFO - TEST F1: 0.4516, H1: 0.5287, EM 0.7007
2024-11-03 05:56:05,156 - root - INFO - Epoch: 21, loss : 0.7278, time: 919.4378287792206
2024-11-03 05:56:05,160 - root - INFO - Training h1 : 0.5901, f1 : 0.4527
2024-11-03 06:11:28,040 - root - INFO - Epoch: 22, loss : 0.7294, time: 922.8801040649414
2024-11-03 06:11:28,044 - root - INFO - Training h1 : 0.5893, f1 : 0.4546
2024-11-03 06:12:45,607 - root - INFO - EVAL F1: 0.5089, H1: 0.5729, EM 0.7630
2024-11-03 06:14:05,024 - root - INFO - TEST F1: 0.4683, H1: 0.5197, EM 0.6930
2024-11-03 06:29:26,014 - root - INFO - Epoch: 23, loss : 0.7229, time: 920.9895625114441
2024-11-03 06:29:26,018 - root - INFO - Training h1 : 0.5894, f1 : 0.4525
2024-11-03 06:44:46,181 - root - INFO - Epoch: 24, loss : 0.7184, time: 920.1632509231567
2024-11-03 06:44:46,185 - root - INFO - Training h1 : 0.5875, f1 : 0.4520
2024-11-03 06:46:04,291 - root - INFO - EVAL F1: 0.5017, H1: 0.5706, EM 0.7573
2024-11-03 06:47:24,979 - root - INFO - TEST F1: 0.4705, H1: 0.5262, EM 0.7007
2024-11-03 07:02:44,401 - root - INFO - Epoch: 25, loss : 0.7174, time: 919.4225571155548
2024-11-03 07:02:44,405 - root - INFO - Training h1 : 0.5879, f1 : 0.4565
2024-11-03 07:18:05,762 - root - INFO - Epoch: 26, loss : 0.7158, time: 921.3568434715271
2024-11-03 07:18:05,766 - root - INFO - Training h1 : 0.5916, f1 : 0.4581
2024-11-03 07:19:23,462 - root - INFO - EVAL F1: 0.4983, H1: 0.5769, EM 0.7704
2024-11-03 07:20:43,156 - root - INFO - TEST F1: 0.4569, H1: 0.5310, EM 0.7024
2024-11-03 07:36:01,775 - root - INFO - Epoch: 27, loss : 0.7002, time: 918.6190156936646
2024-11-03 07:36:01,779 - root - INFO - Training h1 : 0.5938, f1 : 0.4616
2024-11-03 07:51:20,232 - root - INFO - Epoch: 28, loss : 0.7117, time: 918.4528920650482
2024-11-03 07:51:20,236 - root - INFO - Training h1 : 0.5920, f1 : 0.4600
2024-11-03 07:52:38,194 - root - INFO - EVAL F1: 0.4964, H1: 0.5826, EM 0.7729
2024-11-03 07:53:58,505 - root - INFO - TEST F1: 0.4475, H1: 0.5293, EM 0.7038
2024-11-03 08:09:18,171 - root - INFO - Epoch: 29, loss : 0.7130, time: 919.6660978794098
2024-11-03 08:09:18,175 - root - INFO - Training h1 : 0.5930, f1 : 0.4607
2024-11-03 08:24:37,891 - root - INFO - Epoch: 30, loss : 0.7043, time: 919.7159514427185
2024-11-03 08:24:37,895 - root - INFO - Training h1 : 0.5970, f1 : 0.4655
2024-11-03 08:25:55,967 - root - INFO - EVAL F1: 0.5055, H1: 0.5789, EM 0.7715
2024-11-03 08:27:15,846 - root - INFO - TEST F1: 0.4617, H1: 0.5307, EM 0.6992
2024-11-03 08:42:36,847 - root - INFO - Epoch: 31, loss : 0.7127, time: 921.0006191730499
2024-11-03 08:42:36,851 - root - INFO - Training h1 : 0.5940, f1 : 0.4624
2024-11-03 08:57:58,362 - root - INFO - Epoch: 32, loss : 0.7070, time: 921.5106763839722
2024-11-03 08:57:58,366 - root - INFO - Training h1 : 0.5932, f1 : 0.4606
2024-11-03 08:59:16,769 - root - INFO - EVAL F1: 0.5207, H1: 0.5772, EM 0.7747
2024-11-03 09:00:36,892 - root - INFO - TEST F1: 0.4735, H1: 0.5259, EM 0.6984
2024-11-03 09:15:56,646 - root - INFO - Epoch: 33, loss : 0.7015, time: 919.7532405853271
2024-11-03 09:15:56,650 - root - INFO - Training h1 : 0.5947, f1 : 0.4655
2024-11-03 09:31:15,940 - root - INFO - Epoch: 34, loss : 0.7067, time: 919.2902836799622
2024-11-03 09:31:15,944 - root - INFO - Training h1 : 0.5947, f1 : 0.4645
2024-11-03 09:32:34,268 - root - INFO - EVAL F1: 0.5074, H1: 0.5820, EM 0.7738
2024-11-03 09:33:54,361 - root - INFO - TEST F1: 0.4577, H1: 0.5316, EM 0.7015
2024-11-03 09:49:13,448 - root - INFO - Epoch: 35, loss : 0.6976, time: 919.0869784355164
2024-11-03 09:49:13,452 - root - INFO - Training h1 : 0.5979, f1 : 0.4709
2024-11-03 10:04:34,028 - root - INFO - Epoch: 36, loss : 0.7054, time: 920.5758531093597
2024-11-03 10:04:34,032 - root - INFO - Training h1 : 0.5947, f1 : 0.4667
2024-11-03 10:05:52,131 - root - INFO - EVAL F1: 0.5097, H1: 0.5791, EM 0.7630
2024-11-03 10:07:12,426 - root - INFO - TEST F1: 0.4664, H1: 0.5253, EM 0.6947
2024-11-03 10:22:32,573 - root - INFO - Epoch: 37, loss : 0.6916, time: 920.1468291282654
2024-11-03 10:22:32,577 - root - INFO - Training h1 : 0.5969, f1 : 0.4699
2024-11-03 10:37:52,582 - root - INFO - Epoch: 38, loss : 0.6894, time: 920.0044956207275
2024-11-03 10:37:52,586 - root - INFO - Training h1 : 0.5994, f1 : 0.4707
2024-11-03 10:39:10,354 - root - INFO - EVAL F1: 0.5313, H1: 0.5794, EM 0.7667
2024-11-03 10:40:29,947 - root - INFO - TEST F1: 0.4857, H1: 0.5236, EM 0.6930
2024-11-03 10:55:49,153 - root - INFO - Epoch: 39, loss : 0.6935, time: 919.2064874172211
2024-11-03 10:55:49,157 - root - INFO - Training h1 : 0.5997, f1 : 0.4727
2024-11-03 11:11:10,025 - root - INFO - Epoch: 40, loss : 0.6842, time: 920.868403673172
2024-11-03 11:11:10,029 - root - INFO - Training h1 : 0.6009, f1 : 0.4732
2024-11-03 11:12:27,698 - root - INFO - EVAL F1: 0.5002, H1: 0.5794, EM 0.7695
2024-11-03 11:13:47,307 - root - INFO - TEST F1: 0.4535, H1: 0.5327, EM 0.7026
2024-11-03 11:29:09,646 - root - INFO - Epoch: 41, loss : 0.6721, time: 922.3388702869415
2024-11-03 11:29:09,650 - root - INFO - Training h1 : 0.5987, f1 : 0.4750
2024-11-03 11:44:31,840 - root - INFO - Epoch: 42, loss : 0.6878, time: 922.1899456977844
2024-11-03 11:44:31,844 - root - INFO - Training h1 : 0.6013, f1 : 0.4765
2024-11-03 11:45:49,964 - root - INFO - EVAL F1: 0.5140, H1: 0.5862, EM 0.7727
2024-11-03 11:47:10,925 - root - INFO - TEST F1: 0.4669, H1: 0.5398, EM 0.6973
2024-11-03 12:02:28,991 - root - INFO - Epoch: 43, loss : 0.6785, time: 918.06676030159
2024-11-03 12:02:28,995 - root - INFO - Training h1 : 0.5993, f1 : 0.4741
2024-11-03 12:17:47,281 - root - INFO - Epoch: 44, loss : 0.6898, time: 918.2858612537384
2024-11-03 12:17:47,285 - root - INFO - Training h1 : 0.5987, f1 : 0.4751
2024-11-03 12:19:05,068 - root - INFO - EVAL F1: 0.5256, H1: 0.5843, EM 0.7627
2024-11-03 12:20:24,726 - root - INFO - TEST F1: 0.4847, H1: 0.5336, EM 0.6984
2024-11-03 12:35:43,836 - root - INFO - Epoch: 45, loss : 0.6872, time: 919.1095588207245
2024-11-03 12:35:43,840 - root - INFO - Training h1 : 0.6004, f1 : 0.4757
2024-11-03 12:51:06,869 - root - INFO - Epoch: 46, loss : 0.6716, time: 923.0284323692322
2024-11-03 12:51:06,873 - root - INFO - Training h1 : 0.6028, f1 : 0.4796
2024-11-03 12:52:24,457 - root - INFO - EVAL F1: 0.5221, H1: 0.5826, EM 0.7579
2024-11-03 12:53:44,106 - root - INFO - TEST F1: 0.4786, H1: 0.5302, EM 0.6913
2024-11-03 13:09:06,714 - root - INFO - Epoch: 47, loss : 0.6719, time: 922.6076152324677
2024-11-03 13:09:06,720 - root - INFO - Training h1 : 0.6033, f1 : 0.4766
2024-11-03 13:24:30,576 - root - INFO - Epoch: 48, loss : 0.6678, time: 923.8557007312775
2024-11-03 13:24:30,580 - root - INFO - Training h1 : 0.6005, f1 : 0.4760
2024-11-03 13:25:48,892 - root - INFO - EVAL F1: 0.5218, H1: 0.5828, EM 0.7661
2024-11-03 13:27:09,674 - root - INFO - TEST F1: 0.4806, H1: 0.5336, EM 0.6941
2024-11-03 13:42:31,664 - root - INFO - Epoch: 49, loss : 0.6716, time: 921.9902148246765
2024-11-03 13:42:31,668 - root - INFO - Training h1 : 0.6030, f1 : 0.4793
2024-11-03 13:57:53,326 - root - INFO - Epoch: 50, loss : 0.6767, time: 921.658141374588
2024-11-03 13:57:53,330 - root - INFO - Training h1 : 0.6035, f1 : 0.4790
2024-11-03 13:59:12,011 - root - INFO - EVAL F1: 0.5249, H1: 0.5837, EM 0.7596
2024-11-03 14:00:32,738 - root - INFO - TEST F1: 0.4798, H1: 0.5302, EM 0.6888
2024-11-03 14:15:56,711 - root - INFO - Epoch: 51, loss : 0.6802, time: 923.9726603031158
2024-11-03 14:15:56,715 - root - INFO - Training h1 : 0.6009, f1 : 0.4730
2024-11-03 14:31:20,316 - root - INFO - Epoch: 52, loss : 0.6785, time: 923.6008186340332
2024-11-03 14:31:20,320 - root - INFO - Training h1 : 0.6022, f1 : 0.4770
2024-11-03 14:32:38,956 - root - INFO - EVAL F1: 0.5152, H1: 0.5729, EM 0.7621
2024-11-03 14:33:59,089 - root - INFO - TEST F1: 0.4734, H1: 0.5285, EM 0.6905
2024-11-03 14:49:23,239 - root - INFO - Epoch: 53, loss : 0.6678, time: 924.1493818759918
2024-11-03 14:49:23,243 - root - INFO - Training h1 : 0.6017, f1 : 0.4777
2024-11-03 15:04:44,404 - root - INFO - Epoch: 54, loss : 0.6683, time: 921.1606733798981
2024-11-03 15:04:44,408 - root - INFO - Training h1 : 0.6057, f1 : 0.4831
2024-11-03 15:06:02,976 - root - INFO - EVAL F1: 0.5330, H1: 0.5956, EM 0.7693
2024-11-03 15:07:23,423 - root - INFO - TEST F1: 0.4892, H1: 0.5406, EM 0.6975
2024-11-03 15:22:45,471 - root - INFO - Epoch: 55, loss : 0.6552, time: 922.0479836463928
2024-11-03 15:22:45,475 - root - INFO - Training h1 : 0.6068, f1 : 0.4865
2024-11-03 15:38:07,049 - root - INFO - Epoch: 56, loss : 0.6519, time: 921.574362039566
2024-11-03 15:38:07,053 - root - INFO - Training h1 : 0.6071, f1 : 0.4865
2024-11-03 15:39:24,571 - root - INFO - EVAL F1: 0.5036, H1: 0.5823, EM 0.7704
2024-11-03 15:40:44,096 - root - INFO - TEST F1: 0.4606, H1: 0.5310, EM 0.7040
2024-11-03 15:56:04,165 - root - INFO - Epoch: 57, loss : 0.6563, time: 920.0689427852631
2024-11-03 15:56:04,169 - root - INFO - Training h1 : 0.6082, f1 : 0.4866
2024-11-03 16:11:23,674 - root - INFO - Epoch: 58, loss : 0.6595, time: 919.504406452179
2024-11-03 16:11:23,677 - root - INFO - Training h1 : 0.6070, f1 : 0.4854
2024-11-03 16:12:41,510 - root - INFO - EVAL F1: 0.5277, H1: 0.5936, EM 0.7658
2024-11-03 16:14:01,621 - root - INFO - TEST F1: 0.4843, H1: 0.5341, EM 0.6964
2024-11-03 16:29:20,835 - root - INFO - Epoch: 59, loss : 0.6494, time: 919.2134912014008
2024-11-03 16:29:20,839 - root - INFO - Training h1 : 0.6099, f1 : 0.4891
2024-11-03 16:44:40,438 - root - INFO - Epoch: 60, loss : 0.6582, time: 919.5991020202637
2024-11-03 16:44:40,442 - root - INFO - Training h1 : 0.6070, f1 : 0.4862
2024-11-03 16:45:58,303 - root - INFO - EVAL F1: 0.5266, H1: 0.5732, EM 0.7675
2024-11-03 16:47:18,063 - root - INFO - TEST F1: 0.4752, H1: 0.5256, EM 0.6975
2024-11-03 17:02:38,073 - root - INFO - Epoch: 61, loss : 0.6522, time: 920.0095262527466
2024-11-03 17:02:38,077 - root - INFO - Training h1 : 0.6077, f1 : 0.4867
2024-11-03 17:17:58,265 - root - INFO - Epoch: 62, loss : 0.6653, time: 920.1884391307831
2024-11-03 17:17:58,269 - root - INFO - Training h1 : 0.6060, f1 : 0.4860
2024-11-03 17:19:16,051 - root - INFO - EVAL F1: 0.5198, H1: 0.5854, EM 0.7650
2024-11-03 17:20:35,705 - root - INFO - TEST F1: 0.4761, H1: 0.5372, EM 0.6975
2024-11-03 17:35:56,045 - root - INFO - Epoch: 63, loss : 0.6612, time: 920.3401646614075
2024-11-03 17:35:56,049 - root - INFO - Training h1 : 0.6032, f1 : 0.4848
2024-11-03 17:51:17,307 - root - INFO - Epoch: 64, loss : 0.6559, time: 921.2574388980865
2024-11-03 17:51:17,311 - root - INFO - Training h1 : 0.6074, f1 : 0.4884
2024-11-03 17:52:35,114 - root - INFO - EVAL F1: 0.5337, H1: 0.5973, EM 0.7724
2024-11-03 17:53:54,910 - root - INFO - TEST F1: 0.4901, H1: 0.5415, EM 0.6953
2024-11-03 18:09:15,772 - root - INFO - Epoch: 65, loss : 0.6525, time: 920.8614795207977
2024-11-03 18:09:15,776 - root - INFO - Training h1 : 0.6065, f1 : 0.4899
2024-11-03 18:24:35,611 - root - INFO - Epoch: 66, loss : 0.6438, time: 919.8355240821838
2024-11-03 18:24:35,615 - root - INFO - Training h1 : 0.6078, f1 : 0.4912
2024-11-03 18:25:53,276 - root - INFO - EVAL F1: 0.5406, H1: 0.5885, EM 0.7610
2024-11-03 18:27:13,183 - root - INFO - TEST F1: 0.4953, H1: 0.5367, EM 0.6930
2024-11-03 18:42:33,262 - root - INFO - Epoch: 67, loss : 0.6480, time: 920.0784876346588
2024-11-03 18:42:33,266 - root - INFO - Training h1 : 0.6086, f1 : 0.4870
2024-11-03 18:57:54,187 - root - INFO - Epoch: 68, loss : 0.6408, time: 920.9210112094879
2024-11-03 18:57:54,191 - root - INFO - Training h1 : 0.6089, f1 : 0.4910
2024-11-03 18:59:12,320 - root - INFO - EVAL F1: 0.5280, H1: 0.5854, EM 0.7579
2024-11-03 19:00:32,298 - root - INFO - TEST F1: 0.4915, H1: 0.5327, EM 0.6902
2024-11-03 19:15:52,301 - root - INFO - Epoch: 69, loss : 0.6500, time: 920.0023927688599
2024-11-03 19:15:52,304 - root - INFO - Training h1 : 0.6081, f1 : 0.4883
2024-11-03 19:31:13,114 - root - INFO - Epoch: 70, loss : 0.6546, time: 920.8097462654114
2024-11-03 19:31:13,118 - root - INFO - Training h1 : 0.6072, f1 : 0.4889
2024-11-03 19:32:31,451 - root - INFO - EVAL F1: 0.5388, H1: 0.5919, EM 0.7639
2024-11-03 19:33:51,915 - root - INFO - TEST F1: 0.4923, H1: 0.5330, EM 0.6930
2024-11-03 19:49:11,712 - root - INFO - Epoch: 71, loss : 0.6480, time: 919.7972223758698
2024-11-03 19:49:11,717 - root - INFO - Training h1 : 0.6090, f1 : 0.4918
2024-11-03 20:04:32,196 - root - INFO - Epoch: 72, loss : 0.6592, time: 920.4790389537811
2024-11-03 20:04:32,200 - root - INFO - Training h1 : 0.6056, f1 : 0.4860
2024-11-03 20:05:50,607 - root - INFO - EVAL F1: 0.5355, H1: 0.5894, EM 0.7661
2024-11-03 20:07:11,062 - root - INFO - TEST F1: 0.4858, H1: 0.5304, EM 0.6967
2024-11-03 20:22:31,910 - root - INFO - Epoch: 73, loss : 0.6495, time: 920.8479781150818
2024-11-03 20:22:31,914 - root - INFO - Training h1 : 0.6082, f1 : 0.4890
2024-11-03 20:37:56,681 - root - INFO - Epoch: 74, loss : 0.6409, time: 924.766809463501
2024-11-03 20:37:56,685 - root - INFO - Training h1 : 0.6094, f1 : 0.4934
2024-11-03 20:39:14,754 - root - INFO - EVAL F1: 0.5401, H1: 0.5854, EM 0.7636
2024-11-03 20:40:34,469 - root - INFO - TEST F1: 0.4919, H1: 0.5384, EM 0.6922
2024-11-03 20:55:54,720 - root - INFO - Epoch: 75, loss : 0.6378, time: 920.2506768703461
2024-11-03 20:55:54,723 - root - INFO - Training h1 : 0.6096, f1 : 0.4926
2024-11-03 21:11:14,917 - root - INFO - Epoch: 76, loss : 0.6583, time: 920.1935925483704
2024-11-03 21:11:14,921 - root - INFO - Training h1 : 0.6079, f1 : 0.4882
2024-11-03 21:12:33,461 - root - INFO - EVAL F1: 0.5431, H1: 0.5834, EM 0.7556
2024-11-03 21:13:54,251 - root - INFO - TEST F1: 0.4974, H1: 0.5355, EM 0.6885
2024-11-03 21:29:14,325 - root - INFO - Epoch: 77, loss : 0.6348, time: 920.074232339859
2024-11-03 21:29:14,329 - root - INFO - Training h1 : 0.6099, f1 : 0.4924
2024-11-03 21:44:34,558 - root - INFO - Epoch: 78, loss : 0.6397, time: 920.229175567627
2024-11-03 21:44:34,562 - root - INFO - Training h1 : 0.6108, f1 : 0.4948
2024-11-03 21:45:53,138 - root - INFO - EVAL F1: 0.5290, H1: 0.5888, EM 0.7658
2024-11-03 21:47:13,788 - root - INFO - TEST F1: 0.4816, H1: 0.5398, EM 0.6970
2024-11-03 22:02:33,400 - root - INFO - Epoch: 79, loss : 0.6529, time: 919.6115274429321
2024-11-03 22:02:33,404 - root - INFO - Training h1 : 0.6093, f1 : 0.4909
2024-11-03 22:17:54,501 - root - INFO - Epoch: 80, loss : 0.6337, time: 921.0967664718628
2024-11-03 22:17:54,505 - root - INFO - Training h1 : 0.6099, f1 : 0.4930
2024-11-03 22:19:13,019 - root - INFO - EVAL F1: 0.5234, H1: 0.5894, EM 0.7707
2024-11-03 22:20:32,664 - root - INFO - TEST F1: 0.4690, H1: 0.5273, EM 0.6950
2024-11-03 22:35:52,537 - root - INFO - Epoch: 81, loss : 0.6554, time: 919.8726150989532
2024-11-03 22:35:52,541 - root - INFO - Training h1 : 0.6077, f1 : 0.4906
2024-11-03 22:51:13,733 - root - INFO - Epoch: 82, loss : 0.6352, time: 921.1923470497131
2024-11-03 22:51:13,738 - root - INFO - Training h1 : 0.6113, f1 : 0.4958
2024-11-03 22:52:32,318 - root - INFO - EVAL F1: 0.5323, H1: 0.5811, EM 0.7653
2024-11-03 22:53:54,049 - root - INFO - TEST F1: 0.4836, H1: 0.5316, EM 0.6879
2024-11-03 23:09:15,921 - root - INFO - Epoch: 83, loss : 0.6463, time: 921.8717625141144
2024-11-03 23:09:15,925 - root - INFO - Training h1 : 0.6106, f1 : 0.4938
2024-11-03 23:24:37,260 - root - INFO - Epoch: 84, loss : 0.6338, time: 921.3347249031067
2024-11-03 23:24:37,264 - root - INFO - Training h1 : 0.6127, f1 : 0.4958
2024-11-03 23:25:55,822 - root - INFO - EVAL F1: 0.5158, H1: 0.5902, EM 0.7650
2024-11-03 23:27:16,366 - root - INFO - TEST F1: 0.4739, H1: 0.5296, EM 0.6978
2024-11-03 23:42:36,076 - root - INFO - Epoch: 85, loss : 0.6390, time: 919.7099645137787
2024-11-03 23:42:36,080 - root - INFO - Training h1 : 0.6087, f1 : 0.4915
2024-11-03 23:57:56,095 - root - INFO - Epoch: 86, loss : 0.6458, time: 920.0151932239532
2024-11-03 23:57:56,099 - root - INFO - Training h1 : 0.6120, f1 : 0.4955
2024-11-03 23:59:14,338 - root - INFO - EVAL F1: 0.5171, H1: 0.5854, EM 0.7747
2024-11-04 00:00:34,831 - root - INFO - TEST F1: 0.4862, H1: 0.5401, EM 0.7009
2024-11-04 00:15:57,042 - root - INFO - Epoch: 87, loss : 0.6373, time: 922.2102737426758
2024-11-04 00:15:57,046 - root - INFO - Training h1 : 0.6133, f1 : 0.4970
2024-11-04 00:31:18,640 - root - INFO - Epoch: 88, loss : 0.6448, time: 921.5946588516235
2024-11-04 00:31:18,644 - root - INFO - Training h1 : 0.6112, f1 : 0.4957
2024-11-04 00:32:37,317 - root - INFO - EVAL F1: 0.5378, H1: 0.5880, EM 0.7661
2024-11-04 00:33:57,427 - root - INFO - TEST F1: 0.4960, H1: 0.5327, EM 0.6930
2024-11-04 00:49:19,449 - root - INFO - Epoch: 89, loss : 0.6221, time: 922.0217666625977
2024-11-04 00:49:19,453 - root - INFO - Training h1 : 0.6112, f1 : 0.4978
2024-11-04 01:04:40,615 - root - INFO - Epoch: 90, loss : 0.6312, time: 921.1617152690887
2024-11-04 01:04:40,619 - root - INFO - Training h1 : 0.6124, f1 : 0.4982
2024-11-04 01:05:58,223 - root - INFO - EVAL F1: 0.5277, H1: 0.5882, EM 0.7707
2024-11-04 01:07:17,903 - root - INFO - TEST F1: 0.4873, H1: 0.5378, EM 0.6978
2024-11-04 01:22:37,550 - root - INFO - Epoch: 91, loss : 0.6458, time: 919.646951675415
2024-11-04 01:22:37,554 - root - INFO - Training h1 : 0.6102, f1 : 0.4927
2024-11-04 01:37:57,338 - root - INFO - Epoch: 92, loss : 0.6397, time: 919.7839741706848
2024-11-04 01:37:57,342 - root - INFO - Training h1 : 0.6096, f1 : 0.4952
2024-11-04 01:39:15,040 - root - INFO - EVAL F1: 0.5406, H1: 0.5817, EM 0.7573
2024-11-04 01:40:35,477 - root - INFO - TEST F1: 0.4959, H1: 0.5358, EM 0.6885
2024-11-04 01:55:56,068 - root - INFO - Epoch: 93, loss : 0.6523, time: 920.5913641452789
2024-11-04 01:55:56,072 - root - INFO - Training h1 : 0.6108, f1 : 0.4935
2024-11-04 02:11:18,327 - root - INFO - Epoch: 94, loss : 0.6361, time: 922.2547352313995
2024-11-04 02:11:18,331 - root - INFO - Training h1 : 0.6155, f1 : 0.5002
2024-11-04 02:12:37,240 - root - INFO - EVAL F1: 0.5358, H1: 0.5931, EM 0.7630
2024-11-04 02:13:58,119 - root - INFO - TEST F1: 0.4911, H1: 0.5338, EM 0.6933
2024-11-04 02:29:18,086 - root - INFO - Epoch: 95, loss : 0.6414, time: 919.9667234420776
2024-11-04 02:29:18,090 - root - INFO - Training h1 : 0.6115, f1 : 0.4955
2024-11-04 02:44:39,481 - root - INFO - Epoch: 96, loss : 0.6450, time: 921.3908829689026
2024-11-04 02:44:39,485 - root - INFO - Training h1 : 0.6126, f1 : 0.4978
2024-11-04 02:45:56,931 - root - INFO - EVAL F1: 0.5422, H1: 0.5826, EM 0.7653
2024-11-04 02:47:17,187 - root - INFO - TEST F1: 0.4926, H1: 0.5330, EM 0.6896
2024-11-04 03:02:38,130 - root - INFO - Epoch: 97, loss : 0.6329, time: 920.9428415298462
2024-11-04 03:02:38,134 - root - INFO - Training h1 : 0.6107, f1 : 0.4970
2024-11-04 03:17:57,459 - root - INFO - Epoch: 98, loss : 0.6420, time: 919.3251721858978
2024-11-04 03:17:57,463 - root - INFO - Training h1 : 0.6118, f1 : 0.4962
2024-11-04 03:19:15,834 - root - INFO - EVAL F1: 0.5410, H1: 0.5894, EM 0.7644
2024-11-04 03:20:35,579 - root - INFO - TEST F1: 0.4956, H1: 0.5372, EM 0.6905
2024-11-04 03:35:56,901 - root - INFO - Epoch: 99, loss : 0.6420, time: 921.3221116065979
2024-11-04 03:35:56,905 - root - INFO - Training h1 : 0.6117, f1 : 0.4954
2024-11-04 03:51:16,830 - root - INFO - Epoch: 100, loss : 0.6346, time: 919.9247000217438
2024-11-04 03:51:16,834 - root - INFO - Training h1 : 0.6129, f1 : 0.4981
2024-11-04 03:52:34,768 - root - INFO - EVAL F1: 0.5436, H1: 0.5897, EM 0.7531
2024-11-04 03:53:55,459 - root - INFO - TEST F1: 0.5015, H1: 0.5341, EM 0.6871
2024-11-04 03:53:55,993 - root - INFO - Train Done! Evaluate on testset with saved model
2024-11-04 03:55:16,119 - root - INFO - Best h1 evaluation
2024-11-04 03:55:16,120 - root - INFO - TEST F1: 0.4911, H1: 0.5336, EM 0.6933
2024-11-04 03:56:36,348 - root - INFO - Best f1 evaluation
2024-11-04 03:56:36,348 - root - INFO - TEST F1: 0.5015, H1: 0.5344, EM 0.6871
2024-11-04 03:57:56,216 - root - INFO - Final evaluation
2024-11-04 03:57:56,216 - root - INFO - TEST F1: 0.5015, H1: 0.5344, EM 0.6871
