2024-11-05 08:38:13,776 - root - INFO - PARAMETER----------
2024-11-05 08:38:13,777 - root - INFO - ALG=bfs
2024-11-05 08:38:13,777 - root - INFO - BATCH_SIZE=8
2024-11-05 08:38:13,777 - root - INFO - CHAR2ID=chars.txt
2024-11-05 08:38:13,777 - root - INFO - CHECKPOINT_DIR=checkpoint/pretrain/
2024-11-05 08:38:13,777 - root - INFO - DATA_EFF=False
2024-11-05 08:38:13,777 - root - INFO - DATA_FOLDER=data/CWQ/
2024-11-05 08:38:13,777 - root - INFO - DECAY_RATE=0.0
2024-11-05 08:38:13,777 - root - INFO - ENTITY2ID=entities.txt
2024-11-05 08:38:13,777 - root - INFO - ENTITY_DIM=50
2024-11-05 08:38:13,777 - root - INFO - ENTITY_EMB_FILE=None
2024-11-05 08:38:13,777 - root - INFO - EPS=0.95
2024-11-05 08:38:13,777 - root - INFO - EVAL_EVERY=2
2024-11-05 08:38:13,777 - root - INFO - EXPERIMENT_NAME=prn_cwq-rearev-sbert
2024-11-05 08:38:13,777 - root - INFO - FACT_DROP=0
2024-11-05 08:38:13,777 - root - INFO - FACT_SCALE=3
2024-11-05 08:38:13,777 - root - INFO - GRADIENT_CLIP=1.0
2024-11-05 08:38:13,777 - root - INFO - IS_EVAL=False
2024-11-05 08:38:13,777 - root - INFO - KG_DIM=100
2024-11-05 08:38:13,777 - root - INFO - KGE_FROZEN=0
2024-11-05 08:38:13,777 - root - INFO - LABEL_SMOOTH=0.1
2024-11-05 08:38:13,777 - root - INFO - LINEAR_DROPOUT=0.2
2024-11-05 08:38:13,777 - root - INFO - LM=relbert
2024-11-05 08:38:13,777 - root - INFO - LM_DROPOUT=0.3
2024-11-05 08:38:13,777 - root - INFO - LM_FROZEN=1
2024-11-05 08:38:13,777 - root - INFO - LOAD_CKPT_FILE=None
2024-11-05 08:38:13,777 - root - INFO - LOAD_EXPERIMENT=None
2024-11-05 08:38:13,777 - root - INFO - LOG_LEVEL=info
2024-11-05 08:38:13,777 - root - INFO - LOSS_TYPE=kl
2024-11-05 08:38:13,777 - root - INFO - LR=0.0005
2024-11-05 08:38:13,777 - root - INFO - LR_SCHEDULE=False
2024-11-05 08:38:13,777 - root - INFO - MAX_TRAIN=200000
2024-11-05 08:38:13,777 - root - INFO - MODEL_NAME=ReaRev
2024-11-05 08:38:13,777 - root - INFO - NAME=cwq
2024-11-05 08:38:13,777 - root - INFO - NORM_REL=False
2024-11-05 08:38:13,777 - root - INFO - NORMALIZED_GNN=False
2024-11-05 08:38:13,777 - root - INFO - NUM_EPOCH=100
2024-11-05 08:38:13,777 - root - INFO - NUM_GNN=7
2024-11-05 08:38:13,777 - root - INFO - NUM_INS=3
2024-11-05 08:38:13,778 - root - INFO - NUM_ITER=2
2024-11-05 08:38:13,778 - root - INFO - POS_EMB=False
2024-11-05 08:38:13,778 - root - INFO - Q_TYPE=seq
2024-11-05 08:38:13,778 - root - INFO - REL_WORD_IDS=rel_word_idx.npy
2024-11-05 08:38:13,778 - root - INFO - RELATION2ID=relations.txt
2024-11-05 08:38:13,778 - root - INFO - RELATION_EMB_FILE=None
2024-11-05 08:38:13,778 - root - INFO - RELATION_WORD_EMB=True
2024-11-05 08:38:13,778 - root - INFO - SEED=19960626
2024-11-05 08:38:13,778 - root - INFO - TEST_BATCH_SIZE=20
2024-11-05 08:38:13,778 - root - INFO - USE_CUDA=True
2024-11-05 08:38:13,778 - root - INFO - USE_SELF_LOOP=True
2024-11-05 08:38:13,778 - root - INFO - WARMUP_EPOCH=80
2024-11-05 08:38:13,778 - root - INFO - WORD2ID=vocab.txt
2024-11-05 08:38:13,778 - root - INFO - WORD_DIM=300
2024-11-05 08:38:13,778 - root - INFO - WORD_EMB_FILE=word_emb.npy
2024-11-05 08:38:13,778 - root - INFO - -------------------
2024-11-05 09:04:03,052 - root - INFO - Epoch: 1, loss : 2.3414, time: 1120.1632351875305
2024-11-05 09:04:03,056 - root - INFO - Training h1 : 0.2887, f1 : 0.1035
2024-11-05 09:22:19,527 - root - INFO - Epoch: 2, loss : 1.3586, time: 1096.4706017971039
2024-11-05 09:22:19,531 - root - INFO - Training h1 : 0.4495, f1 : 0.2286
2024-11-05 09:23:48,228 - root - INFO - EVAL F1: 0.3156, H1: 0.4964, EM 0.7724
2024-11-05 09:25:14,714 - root - INFO - TEST F1: 0.2864, H1: 0.4418, EM 0.6998
2024-11-05 09:43:33,501 - root - INFO - Epoch: 3, loss : 1.1498, time: 1098.7863693237305
2024-11-05 09:43:33,505 - root - INFO - Training h1 : 0.4921, f1 : 0.2888
2024-11-05 10:01:53,366 - root - INFO - Epoch: 4, loss : 1.0494, time: 1099.8610408306122
2024-11-05 10:01:53,370 - root - INFO - Training h1 : 0.5125, f1 : 0.3254
2024-11-05 10:03:19,028 - root - INFO - EVAL F1: 0.3710, H1: 0.5229, EM 0.7832
2024-11-05 10:04:46,911 - root - INFO - TEST F1: 0.3372, H1: 0.4764, EM 0.7021
2024-11-05 10:23:03,659 - root - INFO - Epoch: 5, loss : 0.9854, time: 1096.7478206157684
2024-11-05 10:23:03,662 - root - INFO - Training h1 : 0.5247, f1 : 0.3470
2024-11-05 10:41:23,597 - root - INFO - Epoch: 6, loss : 0.9345, time: 1099.9349327087402
2024-11-05 10:41:23,601 - root - INFO - Training h1 : 0.5409, f1 : 0.3715
2024-11-05 10:42:49,229 - root - INFO - EVAL F1: 0.4486, H1: 0.5485, EM 0.7710
2024-11-05 10:44:16,875 - root - INFO - TEST F1: 0.4166, H1: 0.4933, EM 0.6930
2024-11-05 11:02:38,024 - root - INFO - Epoch: 7, loss : 0.8962, time: 1101.1487534046173
2024-11-05 11:02:38,028 - root - INFO - Training h1 : 0.5466, f1 : 0.3857
2024-11-05 11:20:57,031 - root - INFO - Epoch: 8, loss : 0.8649, time: 1099.0030088424683
2024-11-05 11:20:57,035 - root - INFO - Training h1 : 0.5551, f1 : 0.3991
2024-11-05 11:22:22,406 - root - INFO - EVAL F1: 0.4255, H1: 0.5533, EM 0.7781
2024-11-05 11:23:49,952 - root - INFO - TEST F1: 0.3986, H1: 0.5177, EM 0.7040
2024-11-05 11:42:10,007 - root - INFO - Epoch: 9, loss : 0.8468, time: 1100.054111480713
2024-11-05 11:42:10,011 - root - INFO - Training h1 : 0.5596, f1 : 0.4065
2024-11-05 12:00:30,523 - root - INFO - Epoch: 10, loss : 0.8355, time: 1100.5120358467102
2024-11-05 12:00:30,527 - root - INFO - Training h1 : 0.5629, f1 : 0.4123
2024-11-05 12:01:55,976 - root - INFO - EVAL F1: 0.4730, H1: 0.5527, EM 0.7667
2024-11-05 12:03:23,330 - root - INFO - TEST F1: 0.4375, H1: 0.5140, EM 0.6896
2024-11-05 12:21:43,084 - root - INFO - Epoch: 11, loss : 0.8075, time: 1099.7537562847137
2024-11-05 12:21:43,088 - root - INFO - Training h1 : 0.5687, f1 : 0.4230
2024-11-05 12:40:04,221 - root - INFO - Epoch: 12, loss : 0.7913, time: 1101.133014678955
2024-11-05 12:40:04,225 - root - INFO - Training h1 : 0.5709, f1 : 0.4280
2024-11-05 12:41:28,634 - root - INFO - EVAL F1: 0.4630, H1: 0.5646, EM 0.7764
2024-11-05 12:42:55,401 - root - INFO - TEST F1: 0.4331, H1: 0.5265, EM 0.6995
2024-11-05 13:01:17,206 - root - INFO - Epoch: 13, loss : 0.7882, time: 1101.8046424388885
2024-11-05 13:01:17,210 - root - INFO - Training h1 : 0.5738, f1 : 0.4298
2024-11-05 13:19:40,187 - root - INFO - Epoch: 14, loss : 0.7778, time: 1102.9770648479462
2024-11-05 13:19:40,191 - root - INFO - Training h1 : 0.5770, f1 : 0.4332
2024-11-05 13:21:05,557 - root - INFO - EVAL F1: 0.4861, H1: 0.5683, EM 0.7661
2024-11-05 13:22:32,306 - root - INFO - TEST F1: 0.4569, H1: 0.5106, EM 0.6927
2024-11-05 13:40:52,967 - root - INFO - Epoch: 15, loss : 0.7601, time: 1100.661294221878
2024-11-05 13:40:52,972 - root - INFO - Training h1 : 0.5811, f1 : 0.4407
2024-11-05 13:59:14,502 - root - INFO - Epoch: 16, loss : 0.7528, time: 1101.5300478935242
2024-11-05 13:59:14,506 - root - INFO - Training h1 : 0.5833, f1 : 0.4447
2024-11-05 14:00:39,408 - root - INFO - EVAL F1: 0.4646, H1: 0.5783, EM 0.7690
2024-11-05 14:02:07,031 - root - INFO - TEST F1: 0.4298, H1: 0.5302, EM 0.6995
2024-11-05 14:20:29,580 - root - INFO - Epoch: 17, loss : 0.7431, time: 1102.549358844757
2024-11-05 14:20:29,584 - root - INFO - Training h1 : 0.5825, f1 : 0.4469
2024-11-05 14:38:51,649 - root - INFO - Epoch: 18, loss : 0.7233, time: 1102.0646748542786
2024-11-05 14:38:51,653 - root - INFO - Training h1 : 0.5891, f1 : 0.4534
2024-11-05 14:40:16,462 - root - INFO - EVAL F1: 0.4911, H1: 0.5703, EM 0.7639
2024-11-05 14:41:44,171 - root - INFO - TEST F1: 0.4566, H1: 0.5228, EM 0.6941
2024-11-05 15:00:07,610 - root - INFO - Epoch: 19, loss : 0.7382, time: 1103.4388935565948
2024-11-05 15:00:07,615 - root - INFO - Training h1 : 0.5889, f1 : 0.4519
2024-11-05 15:18:30,408 - root - INFO - Epoch: 20, loss : 0.7298, time: 1102.7928378582
2024-11-05 15:18:30,412 - root - INFO - Training h1 : 0.5880, f1 : 0.4550
2024-11-05 15:19:55,434 - root - INFO - EVAL F1: 0.4611, H1: 0.5652, EM 0.7795
2024-11-05 15:21:22,538 - root - INFO - TEST F1: 0.4287, H1: 0.5208, EM 0.7001
2024-11-05 15:39:44,023 - root - INFO - Epoch: 21, loss : 0.7174, time: 1101.4851188659668
2024-11-05 15:39:44,028 - root - INFO - Training h1 : 0.5910, f1 : 0.4575
2024-11-05 15:58:07,659 - root - INFO - Epoch: 22, loss : 0.7094, time: 1103.6312580108643
2024-11-05 15:58:07,663 - root - INFO - Training h1 : 0.5943, f1 : 0.4598
2024-11-05 15:59:32,971 - root - INFO - EVAL F1: 0.5068, H1: 0.5860, EM 0.7678
2024-11-05 16:01:00,976 - root - INFO - TEST F1: 0.4622, H1: 0.5296, EM 0.6924
2024-11-05 16:19:26,716 - root - INFO - Epoch: 23, loss : 0.7125, time: 1105.7402844429016
2024-11-05 16:19:26,720 - root - INFO - Training h1 : 0.5913, f1 : 0.4574
2024-11-05 16:37:50,437 - root - INFO - Epoch: 24, loss : 0.6975, time: 1103.7171268463135
2024-11-05 16:37:50,441 - root - INFO - Training h1 : 0.5937, f1 : 0.4618
2024-11-05 16:39:15,250 - root - INFO - EVAL F1: 0.5133, H1: 0.5803, EM 0.7664
2024-11-05 16:40:42,433 - root - INFO - TEST F1: 0.4619, H1: 0.5273, EM 0.6953
2024-11-05 16:59:04,805 - root - INFO - Epoch: 25, loss : 0.6971, time: 1102.3718078136444
2024-11-05 16:59:04,809 - root - INFO - Training h1 : 0.5956, f1 : 0.4643
2024-11-05 17:17:26,459 - root - INFO - Epoch: 26, loss : 0.6828, time: 1101.6503207683563
2024-11-05 17:17:26,463 - root - INFO - Training h1 : 0.5980, f1 : 0.4690
2024-11-05 17:18:51,984 - root - INFO - EVAL F1: 0.5168, H1: 0.5817, EM 0.7690
2024-11-05 17:20:19,985 - root - INFO - TEST F1: 0.4692, H1: 0.5248, EM 0.6919
2024-11-05 17:38:43,730 - root - INFO - Epoch: 27, loss : 0.6914, time: 1103.7451667785645
2024-11-05 17:38:43,734 - root - INFO - Training h1 : 0.5971, f1 : 0.4690
2024-11-05 17:57:08,615 - root - INFO - Epoch: 28, loss : 0.6901, time: 1104.8810276985168
2024-11-05 17:57:08,619 - root - INFO - Training h1 : 0.5983, f1 : 0.4721
2024-11-05 17:58:34,878 - root - INFO - EVAL F1: 0.5196, H1: 0.5823, EM 0.7641
2024-11-05 18:00:02,487 - root - INFO - TEST F1: 0.4812, H1: 0.5245, EM 0.6879
2024-11-05 18:18:27,891 - root - INFO - Epoch: 29, loss : 0.6910, time: 1105.4040443897247
2024-11-05 18:18:27,895 - root - INFO - Training h1 : 0.5972, f1 : 0.4697
2024-11-05 18:36:54,575 - root - INFO - Epoch: 30, loss : 0.6789, time: 1106.679004907608
2024-11-05 18:36:54,579 - root - INFO - Training h1 : 0.6020, f1 : 0.4737
2024-11-05 18:38:19,346 - root - INFO - EVAL F1: 0.5097, H1: 0.5840, EM 0.7715
2024-11-05 18:39:46,344 - root - INFO - TEST F1: 0.4628, H1: 0.5262, EM 0.6984
2024-11-05 18:58:12,579 - root - INFO - Epoch: 31, loss : 0.6787, time: 1106.2353069782257
2024-11-05 18:58:12,583 - root - INFO - Training h1 : 0.6011, f1 : 0.4760
2024-11-05 19:16:38,731 - root - INFO - Epoch: 32, loss : 0.6629, time: 1106.1479613780975
2024-11-05 19:16:38,735 - root - INFO - Training h1 : 0.6003, f1 : 0.4754
2024-11-05 19:18:04,024 - root - INFO - EVAL F1: 0.5257, H1: 0.5698, EM 0.7545
2024-11-05 19:19:32,096 - root - INFO - TEST F1: 0.4835, H1: 0.5253, EM 0.6899
2024-11-05 19:37:57,468 - root - INFO - Epoch: 33, loss : 0.6797, time: 1105.3720774650574
2024-11-05 19:37:57,472 - root - INFO - Training h1 : 0.6012, f1 : 0.4760
2024-11-05 19:56:23,587 - root - INFO - Epoch: 34, loss : 0.6687, time: 1106.1148662567139
2024-11-05 19:56:23,591 - root - INFO - Training h1 : 0.6049, f1 : 0.4808
2024-11-05 19:57:48,078 - root - INFO - EVAL F1: 0.5213, H1: 0.5837, EM 0.7613
2024-11-05 19:59:14,926 - root - INFO - TEST F1: 0.4782, H1: 0.5406, EM 0.6910
2024-11-05 20:17:40,024 - root - INFO - Epoch: 35, loss : 0.6677, time: 1105.0977580547333
2024-11-05 20:17:40,028 - root - INFO - Training h1 : 0.6030, f1 : 0.4798
2024-11-05 20:36:04,802 - root - INFO - Epoch: 36, loss : 0.6611, time: 1104.774090051651
2024-11-05 20:36:04,806 - root - INFO - Training h1 : 0.6037, f1 : 0.4797
2024-11-05 20:37:30,152 - root - INFO - EVAL F1: 0.5070, H1: 0.5743, EM 0.7644
2024-11-05 20:38:57,181 - root - INFO - TEST F1: 0.4664, H1: 0.5302, EM 0.6890
2024-11-05 20:57:22,118 - root - INFO - Epoch: 37, loss : 0.6565, time: 1104.9367773532867
2024-11-05 20:57:22,122 - root - INFO - Training h1 : 0.6061, f1 : 0.4813
2024-11-05 21:15:46,371 - root - INFO - Epoch: 38, loss : 0.6624, time: 1104.2496683597565
2024-11-05 21:15:46,375 - root - INFO - Training h1 : 0.6055, f1 : 0.4811
2024-11-05 21:17:11,340 - root - INFO - EVAL F1: 0.5009, H1: 0.5746, EM 0.7610
2024-11-05 21:18:38,409 - root - INFO - TEST F1: 0.4682, H1: 0.5347, EM 0.6893
2024-11-05 21:37:03,887 - root - INFO - Epoch: 39, loss : 0.6643, time: 1105.477528810501
2024-11-05 21:37:03,891 - root - INFO - Training h1 : 0.6033, f1 : 0.4807
2024-11-05 21:55:28,930 - root - INFO - Epoch: 40, loss : 0.6586, time: 1105.038784980774
2024-11-05 21:55:28,934 - root - INFO - Training h1 : 0.6067, f1 : 0.4873
2024-11-05 21:56:54,300 - root - INFO - EVAL F1: 0.5175, H1: 0.5843, EM 0.7675
2024-11-05 21:58:22,421 - root - INFO - TEST F1: 0.4709, H1: 0.5299, EM 0.6919
2024-11-05 22:16:46,957 - root - INFO - Epoch: 41, loss : 0.6654, time: 1104.5359284877777
2024-11-05 22:16:46,961 - root - INFO - Training h1 : 0.6049, f1 : 0.4833
2024-11-05 22:35:12,540 - root - INFO - Epoch: 42, loss : 0.6582, time: 1105.578989982605
2024-11-05 22:35:12,544 - root - INFO - Training h1 : 0.6039, f1 : 0.4833
2024-11-05 22:36:38,636 - root - INFO - EVAL F1: 0.5270, H1: 0.5891, EM 0.7596
2024-11-05 22:38:06,205 - root - INFO - TEST F1: 0.4829, H1: 0.5242, EM 0.6882
2024-11-05 22:56:30,450 - root - INFO - Epoch: 43, loss : 0.6569, time: 1104.2446920871735
2024-11-05 22:56:30,454 - root - INFO - Training h1 : 0.6065, f1 : 0.4824
2024-11-05 23:14:54,419 - root - INFO - Epoch: 44, loss : 0.6562, time: 1103.9654188156128
2024-11-05 23:14:54,423 - root - INFO - Training h1 : 0.6054, f1 : 0.4825
2024-11-05 23:16:20,062 - root - INFO - EVAL F1: 0.5185, H1: 0.5882, EM 0.7565
2024-11-05 23:17:47,945 - root - INFO - TEST F1: 0.4868, H1: 0.5338, EM 0.6913
2024-11-05 23:36:10,942 - root - INFO - Epoch: 45, loss : 0.6620, time: 1102.996463060379
2024-11-05 23:36:10,946 - root - INFO - Training h1 : 0.6041, f1 : 0.4828
2024-11-05 23:54:35,769 - root - INFO - Epoch: 46, loss : 0.6521, time: 1104.8231930732727
2024-11-05 23:54:35,773 - root - INFO - Training h1 : 0.6073, f1 : 0.4856
2024-11-05 23:56:01,684 - root - INFO - EVAL F1: 0.5055, H1: 0.5808, EM 0.7610
2024-11-05 23:57:29,152 - root - INFO - TEST F1: 0.4608, H1: 0.5256, EM 0.6930
2024-11-06 00:15:49,113 - root - INFO - Epoch: 47, loss : 0.6474, time: 1099.9601755142212
2024-11-06 00:15:49,117 - root - INFO - Training h1 : 0.6085, f1 : 0.4874
2024-11-06 00:34:10,494 - root - INFO - Epoch: 48, loss : 0.6367, time: 1101.3769736289978
2024-11-06 00:34:10,498 - root - INFO - Training h1 : 0.6097, f1 : 0.4908
2024-11-06 00:35:36,290 - root - INFO - EVAL F1: 0.5254, H1: 0.5737, EM 0.7553
2024-11-06 00:37:03,630 - root - INFO - TEST F1: 0.4814, H1: 0.5256, EM 0.6831
2024-11-06 00:55:24,640 - root - INFO - Epoch: 49, loss : 0.6519, time: 1101.009541273117
2024-11-06 00:55:24,644 - root - INFO - Training h1 : 0.6078, f1 : 0.4884
2024-11-06 01:13:46,498 - root - INFO - Epoch: 50, loss : 0.6388, time: 1101.8546915054321
2024-11-06 01:13:46,502 - root - INFO - Training h1 : 0.6111, f1 : 0.4927
2024-11-06 01:15:11,955 - root - INFO - EVAL F1: 0.5120, H1: 0.5794, EM 0.7539
2024-11-06 01:16:39,605 - root - INFO - TEST F1: 0.4743, H1: 0.5251, EM 0.6825
2024-11-06 01:35:00,012 - root - INFO - Epoch: 51, loss : 0.6447, time: 1100.4065165519714
2024-11-06 01:35:00,016 - root - INFO - Training h1 : 0.6097, f1 : 0.4904
2024-11-06 01:53:21,915 - root - INFO - Epoch: 52, loss : 0.6424, time: 1101.8984849452972
2024-11-06 01:53:21,919 - root - INFO - Training h1 : 0.6101, f1 : 0.4877
2024-11-06 01:54:47,629 - root - INFO - EVAL F1: 0.5296, H1: 0.5834, EM 0.7528
2024-11-06 01:56:14,751 - root - INFO - TEST F1: 0.4872, H1: 0.5367, EM 0.6805
2024-11-06 02:14:37,661 - root - INFO - Epoch: 53, loss : 0.6441, time: 1102.9093189239502
2024-11-06 02:14:37,665 - root - INFO - Training h1 : 0.6092, f1 : 0.4930
2024-11-06 02:33:02,149 - root - INFO - Epoch: 54, loss : 0.6335, time: 1104.4839622974396
2024-11-06 02:33:02,153 - root - INFO - Training h1 : 0.6162, f1 : 0.4959
2024-11-06 02:34:26,813 - root - INFO - EVAL F1: 0.5210, H1: 0.5794, EM 0.7650
2024-11-06 02:35:53,886 - root - INFO - TEST F1: 0.4757, H1: 0.5327, EM 0.6910
2024-11-06 02:54:16,553 - root - INFO - Epoch: 55, loss : 0.6391, time: 1102.6661579608917
2024-11-06 02:54:16,557 - root - INFO - Training h1 : 0.6115, f1 : 0.4938
2024-11-06 03:12:38,689 - root - INFO - Epoch: 56, loss : 0.6382, time: 1102.1327319145203
2024-11-06 03:12:38,693 - root - INFO - Training h1 : 0.6082, f1 : 0.4909
2024-11-06 03:14:04,479 - root - INFO - EVAL F1: 0.5266, H1: 0.5905, EM 0.7633
2024-11-06 03:15:31,718 - root - INFO - TEST F1: 0.4863, H1: 0.5384, EM 0.6916
2024-11-06 03:33:53,483 - root - INFO - Epoch: 57, loss : 0.6301, time: 1101.7655651569366
2024-11-06 03:33:53,487 - root - INFO - Training h1 : 0.6130, f1 : 0.4946
2024-11-06 03:52:14,768 - root - INFO - Epoch: 58, loss : 0.6308, time: 1101.2801752090454
2024-11-06 03:52:14,771 - root - INFO - Training h1 : 0.6115, f1 : 0.4954
2024-11-06 03:53:40,431 - root - INFO - EVAL F1: 0.5425, H1: 0.5774, EM 0.7440
2024-11-06 03:55:07,980 - root - INFO - TEST F1: 0.5055, H1: 0.5310, EM 0.6754
2024-11-06 04:13:29,434 - root - INFO - Epoch: 59, loss : 0.6458, time: 1101.453263759613
2024-11-06 04:13:29,438 - root - INFO - Training h1 : 0.6115, f1 : 0.4937
2024-11-06 04:31:49,835 - root - INFO - Epoch: 60, loss : 0.6342, time: 1100.3966002464294
2024-11-06 04:31:49,839 - root - INFO - Training h1 : 0.6145, f1 : 0.4965
2024-11-06 04:33:15,315 - root - INFO - EVAL F1: 0.5251, H1: 0.5803, EM 0.7619
2024-11-06 04:34:42,931 - root - INFO - TEST F1: 0.4778, H1: 0.5327, EM 0.6916
2024-11-06 04:53:04,099 - root - INFO - Epoch: 61, loss : 0.6332, time: 1101.1686017513275
2024-11-06 04:53:04,103 - root - INFO - Training h1 : 0.6130, f1 : 0.4933
2024-11-06 05:11:27,368 - root - INFO - Epoch: 62, loss : 0.6305, time: 1103.2642974853516
2024-11-06 05:11:27,372 - root - INFO - Training h1 : 0.6114, f1 : 0.4965
2024-11-06 05:12:51,549 - root - INFO - EVAL F1: 0.5447, H1: 0.5789, EM 0.7542
2024-11-06 05:14:18,590 - root - INFO - TEST F1: 0.5003, H1: 0.5313, EM 0.6839
2024-11-06 05:32:42,989 - root - INFO - Epoch: 63, loss : 0.6244, time: 1104.3991031646729
2024-11-06 05:32:42,993 - root - INFO - Training h1 : 0.6145, f1 : 0.4984
2024-11-06 05:51:06,808 - root - INFO - Epoch: 64, loss : 0.6339, time: 1103.8145287036896
2024-11-06 05:51:06,812 - root - INFO - Training h1 : 0.6175, f1 : 0.4975
2024-11-06 05:52:32,633 - root - INFO - EVAL F1: 0.5354, H1: 0.5871, EM 0.7602
2024-11-06 05:54:00,342 - root - INFO - TEST F1: 0.4851, H1: 0.5330, EM 0.6859
2024-11-06 06:12:22,144 - root - INFO - Epoch: 65, loss : 0.6317, time: 1101.802519083023
2024-11-06 06:12:22,148 - root - INFO - Training h1 : 0.6147, f1 : 0.4974
2024-11-06 06:30:45,000 - root - INFO - Epoch: 66, loss : 0.6327, time: 1102.8519644737244
2024-11-06 06:30:45,004 - root - INFO - Training h1 : 0.6130, f1 : 0.4961
2024-11-06 06:32:10,890 - root - INFO - EVAL F1: 0.5333, H1: 0.5834, EM 0.7582
2024-11-06 06:33:38,836 - root - INFO - TEST F1: 0.4870, H1: 0.5387, EM 0.6882
2024-11-06 06:51:59,716 - root - INFO - Epoch: 67, loss : 0.6344, time: 1100.8797631263733
2024-11-06 06:51:59,720 - root - INFO - Training h1 : 0.6127, f1 : 0.4954
2024-11-06 07:10:20,865 - root - INFO - Epoch: 68, loss : 0.6436, time: 1101.1455104351044
2024-11-06 07:10:20,869 - root - INFO - Training h1 : 0.6121, f1 : 0.4948
2024-11-06 07:11:46,263 - root - INFO - EVAL F1: 0.5426, H1: 0.5871, EM 0.7579
2024-11-06 07:13:12,918 - root - INFO - TEST F1: 0.4953, H1: 0.5347, EM 0.6817
2024-11-06 07:31:35,377 - root - INFO - Epoch: 69, loss : 0.6202, time: 1102.4595935344696
2024-11-06 07:31:35,381 - root - INFO - Training h1 : 0.6154, f1 : 0.5008
2024-11-06 07:49:58,331 - root - INFO - Epoch: 70, loss : 0.6349, time: 1102.949954032898
2024-11-06 07:49:58,336 - root - INFO - Training h1 : 0.6117, f1 : 0.4939
2024-11-06 07:51:22,984 - root - INFO - EVAL F1: 0.5328, H1: 0.5783, EM 0.7533
2024-11-06 07:52:49,624 - root - INFO - TEST F1: 0.4885, H1: 0.5270, EM 0.6788
2024-11-06 08:11:11,487 - root - INFO - Epoch: 71, loss : 0.6274, time: 1101.8629415035248
2024-11-06 08:11:11,491 - root - INFO - Training h1 : 0.6144, f1 : 0.4993
2024-11-06 08:29:33,089 - root - INFO - Epoch: 72, loss : 0.6239, time: 1101.597748041153
2024-11-06 08:29:33,093 - root - INFO - Training h1 : 0.6146, f1 : 0.5005
2024-11-06 08:30:58,303 - root - INFO - EVAL F1: 0.5269, H1: 0.5803, EM 0.7633
2024-11-06 08:32:24,992 - root - INFO - TEST F1: 0.4784, H1: 0.5253, EM 0.6890
2024-11-06 08:50:46,142 - root - INFO - Epoch: 73, loss : 0.6320, time: 1101.1502876281738
2024-11-06 08:50:46,147 - root - INFO - Training h1 : 0.6134, f1 : 0.4958
2024-11-06 09:09:07,964 - root - INFO - Epoch: 74, loss : 0.6252, time: 1101.8177835941315
2024-11-06 09:09:07,968 - root - INFO - Training h1 : 0.6156, f1 : 0.5003
2024-11-06 09:10:33,411 - root - INFO - EVAL F1: 0.5438, H1: 0.5945, EM 0.7590
2024-11-06 09:12:01,413 - root - INFO - TEST F1: 0.4970, H1: 0.5358, EM 0.6845
2024-11-06 09:30:22,672 - root - INFO - Epoch: 75, loss : 0.6250, time: 1101.2593715190887
2024-11-06 09:30:22,676 - root - INFO - Training h1 : 0.6154, f1 : 0.5003
2024-11-06 09:48:43,843 - root - INFO - Epoch: 76, loss : 0.6096, time: 1101.1671676635742
2024-11-06 09:48:43,847 - root - INFO - Training h1 : 0.6193, f1 : 0.5057
2024-11-06 09:50:09,784 - root - INFO - EVAL F1: 0.5400, H1: 0.5888, EM 0.7519
2024-11-06 09:51:37,220 - root - INFO - TEST F1: 0.4920, H1: 0.5347, EM 0.6834
2024-11-06 10:09:58,654 - root - INFO - Epoch: 77, loss : 0.6303, time: 1101.433672428131
2024-11-06 10:09:58,658 - root - INFO - Training h1 : 0.6147, f1 : 0.4984
2024-11-06 10:28:18,800 - root - INFO - Epoch: 78, loss : 0.6255, time: 1100.1427562236786
2024-11-06 10:28:18,804 - root - INFO - Training h1 : 0.6165, f1 : 0.5005
2024-11-06 10:29:44,348 - root - INFO - EVAL F1: 0.5412, H1: 0.5874, EM 0.7619
2024-11-06 10:31:11,134 - root - INFO - TEST F1: 0.4927, H1: 0.5338, EM 0.6851
2024-11-06 10:49:34,379 - root - INFO - Epoch: 79, loss : 0.6227, time: 1103.2446496486664
2024-11-06 10:49:34,383 - root - INFO - Training h1 : 0.6166, f1 : 0.5027
2024-11-06 11:07:57,753 - root - INFO - Epoch: 80, loss : 0.6255, time: 1103.3698461055756
2024-11-06 11:07:57,757 - root - INFO - Training h1 : 0.6186, f1 : 0.5014
2024-11-06 11:09:23,281 - root - INFO - EVAL F1: 0.5286, H1: 0.5916, EM 0.7548
2024-11-06 11:10:50,248 - root - INFO - TEST F1: 0.4826, H1: 0.5296, EM 0.6868
2024-11-06 11:29:11,366 - root - INFO - Epoch: 81, loss : 0.6214, time: 1101.1183385849
2024-11-06 11:29:11,370 - root - INFO - Training h1 : 0.6173, f1 : 0.5008
2024-11-06 11:47:33,693 - root - INFO - Epoch: 82, loss : 0.6145, time: 1102.3227212429047
2024-11-06 11:47:33,697 - root - INFO - Training h1 : 0.6188, f1 : 0.5053
2024-11-06 11:48:59,309 - root - INFO - EVAL F1: 0.5332, H1: 0.5939, EM 0.7539
2024-11-06 11:50:27,252 - root - INFO - TEST F1: 0.4868, H1: 0.5375, EM 0.6803
2024-11-06 12:08:49,985 - root - INFO - Epoch: 83, loss : 0.6120, time: 1102.7325296401978
2024-11-06 12:08:49,988 - root - INFO - Training h1 : 0.6201, f1 : 0.5066
2024-11-06 12:27:12,005 - root - INFO - Epoch: 84, loss : 0.6139, time: 1102.0159769058228
2024-11-06 12:27:12,009 - root - INFO - Training h1 : 0.6177, f1 : 0.5058
2024-11-06 12:28:36,748 - root - INFO - EVAL F1: 0.5385, H1: 0.6027, EM 0.7599
2024-11-06 12:30:05,050 - root - INFO - TEST F1: 0.4909, H1: 0.5412, EM 0.6859
2024-11-06 12:48:25,604 - root - INFO - Epoch: 85, loss : 0.6166, time: 1100.554326057434
2024-11-06 12:48:25,608 - root - INFO - Training h1 : 0.6192, f1 : 0.5058
2024-11-06 13:06:46,552 - root - INFO - Epoch: 86, loss : 0.6184, time: 1100.9441084861755
2024-11-06 13:06:46,556 - root - INFO - Training h1 : 0.6206, f1 : 0.5051
2024-11-06 13:08:12,146 - root - INFO - EVAL F1: 0.5311, H1: 0.5899, EM 0.7545
2024-11-06 13:09:40,276 - root - INFO - TEST F1: 0.4904, H1: 0.5387, EM 0.6859
2024-11-06 13:28:01,721 - root - INFO - Epoch: 87, loss : 0.6181, time: 1101.4453208446503
2024-11-06 13:28:01,725 - root - INFO - Training h1 : 0.6208, f1 : 0.5050
2024-11-06 13:46:23,195 - root - INFO - Epoch: 88, loss : 0.6126, time: 1101.4698402881622
2024-11-06 13:46:23,199 - root - INFO - Training h1 : 0.6191, f1 : 0.5037
2024-11-06 13:47:48,655 - root - INFO - EVAL F1: 0.5296, H1: 0.5882, EM 0.7573
2024-11-06 13:49:16,253 - root - INFO - TEST F1: 0.4800, H1: 0.5270, EM 0.6896
2024-11-06 14:07:36,793 - root - INFO - Epoch: 89, loss : 0.6257, time: 1100.5399377346039
2024-11-06 14:07:36,797 - root - INFO - Training h1 : 0.6179, f1 : 0.5016
2024-11-06 14:25:58,466 - root - INFO - Epoch: 90, loss : 0.6036, time: 1101.669152021408
2024-11-06 14:25:58,470 - root - INFO - Training h1 : 0.6210, f1 : 0.5067
2024-11-06 14:27:23,254 - root - INFO - EVAL F1: 0.5442, H1: 0.5851, EM 0.7485
2024-11-06 14:28:50,730 - root - INFO - TEST F1: 0.4973, H1: 0.5395, EM 0.6879
2024-11-06 14:47:12,875 - root - INFO - Epoch: 91, loss : 0.6243, time: 1102.1444625854492
2024-11-06 14:47:12,879 - root - INFO - Training h1 : 0.6176, f1 : 0.5019
2024-11-06 15:05:35,780 - root - INFO - Epoch: 92, loss : 0.6120, time: 1102.9016296863556
2024-11-06 15:05:35,784 - root - INFO - Training h1 : 0.6198, f1 : 0.5055
2024-11-06 15:07:01,442 - root - INFO - EVAL F1: 0.5517, H1: 0.5953, EM 0.7516
2024-11-06 15:08:29,237 - root - INFO - TEST F1: 0.5025, H1: 0.5384, EM 0.6820
2024-11-06 15:26:51,189 - root - INFO - Epoch: 93, loss : 0.6026, time: 1101.9520874023438
2024-11-06 15:26:51,193 - root - INFO - Training h1 : 0.6208, f1 : 0.5082
2024-11-06 15:45:14,252 - root - INFO - Epoch: 94, loss : 0.6117, time: 1103.0584211349487
2024-11-06 15:45:14,256 - root - INFO - Training h1 : 0.6207, f1 : 0.5044
2024-11-06 15:46:39,956 - root - INFO - EVAL F1: 0.5278, H1: 0.5885, EM 0.7582
2024-11-06 15:48:08,021 - root - INFO - TEST F1: 0.4822, H1: 0.5421, EM 0.6876
2024-11-06 16:06:32,056 - root - INFO - Epoch: 95, loss : 0.6050, time: 1104.034785747528
2024-11-06 16:06:32,060 - root - INFO - Training h1 : 0.6211, f1 : 0.5063
2024-11-06 16:24:55,944 - root - INFO - Epoch: 96, loss : 0.6070, time: 1103.8845777511597
2024-11-06 16:24:55,948 - root - INFO - Training h1 : 0.6219, f1 : 0.5080
2024-11-06 16:26:21,904 - root - INFO - EVAL F1: 0.5450, H1: 0.5916, EM 0.7460
2024-11-06 16:27:49,841 - root - INFO - TEST F1: 0.4899, H1: 0.5248, EM 0.6766
2024-11-06 16:46:12,570 - root - INFO - Epoch: 97, loss : 0.6211, time: 1102.7282133102417
2024-11-06 16:46:12,573 - root - INFO - Training h1 : 0.6187, f1 : 0.5051
2024-11-06 17:04:36,305 - root - INFO - Epoch: 98, loss : 0.6079, time: 1103.7313799858093
2024-11-06 17:04:36,309 - root - INFO - Training h1 : 0.6194, f1 : 0.5048
2024-11-06 17:06:01,832 - root - INFO - EVAL F1: 0.5219, H1: 0.5848, EM 0.7644
2024-11-06 17:07:29,529 - root - INFO - TEST F1: 0.4718, H1: 0.5358, EM 0.6890
2024-11-06 17:25:53,951 - root - INFO - Epoch: 99, loss : 0.6151, time: 1104.4222996234894
2024-11-06 17:25:53,955 - root - INFO - Training h1 : 0.6191, f1 : 0.5037
2024-11-06 17:44:18,911 - root - INFO - Epoch: 100, loss : 0.6148, time: 1104.955898284912
2024-11-06 17:44:18,915 - root - INFO - Training h1 : 0.6204, f1 : 0.5052
2024-11-06 17:45:44,057 - root - INFO - EVAL F1: 0.5470, H1: 0.5860, EM 0.7454
2024-11-06 17:47:11,526 - root - INFO - TEST F1: 0.5000, H1: 0.5321, EM 0.6763
2024-11-06 17:47:12,186 - root - INFO - Train Done! Evaluate on testset with saved model
2024-11-06 17:48:40,007 - root - INFO - TEST F1: 0.4909, H1: 0.5412, EM 0.6859
2024-11-06 17:50:08,071 - root - INFO - TEST F1: 0.5025, H1: 0.5384, EM 0.6820
2024-11-06 17:51:36,027 - root - INFO - Final evaluation
2024-11-06 17:51:36,027 - root - INFO - TEST F1: 0.4999, H1: 0.5321, EM 0.6760
